<?xml version="1.0"?><coverage lines-covered="492" lines-valid="548" line-rate="NaN" branches-covered="0" branches-valid="0" branch-rate="0" complexity="0" version="1.9" timestamp="1607633695"><sources><source>/home/paolo/Documenti/Coding/rusty-s3</source></sources><packages><package name="src" line-rate="0.8978102189781022" branch-rate="0" complexity="0"><classes><class name="bucket" filename="src/bucket.rs" line-rate="0.9692307692307692" branch-rate="0" complexity="0"><methods/><lines><line number="13" hits="5"/><line number="14" hits="6"/><line number="16" hits="1"/><line number="17" hits="5"/><line number="18" hits="0"/><line number="21" hits="1"/><line number="23" hits="5"/><line number="24" hits="2"/><line number="25" hits="5"/><line number="26" hits="2"/><line number="30" hits="1"/><line number="31" hits="0"/><line number="34" hits="1"/><line number="35" hits="1"/><line number="38" hits="4"/><line number="39" hits="1"/><line number="42" hits="4"/><line number="43" hits="4"/><line number="44" hits="1"/><line number="48" hits="5"/><line number="49" hits="7"/><line number="50" hits="1"/><line number="51" hits="1"/><line number="53" hits="6"/><line number="54" hits="5"/><line number="55" hits="1"/><line number="64" hits="3"/><line number="65" hits="1"/><line number="66" hits="1"/><line number="69" hits="1"/><line number="70" hits="1"/><line number="71" hits="1"/><line number="73" hits="1"/><line number="74" hits="2"/><line number="75" hits="2"/><line number="79" hits="3"/><line number="80" hits="1"/><line number="81" hits="1"/><line number="84" hits="1"/><line number="85" hits="1"/><line number="86" hits="1"/><line number="88" hits="1"/><line number="89" hits="2"/><line number="90" hits="2"/><line number="94" hits="3"/><line number="95" hits="1"/><line number="96" hits="1"/><line number="97" hits="1"/><line number="98" hits="1"/><line number="102" hits="3"/><line number="103" hits="1"/><line number="104" hits="1"/><line number="105" hits="1"/><line number="106" hits="1"/><line number="108" hits="1"/><line number="109" hits="1"/><line number="111" hits="1"/><line number="116" hits="3"/><line number="117" hits="1"/><line number="118" hits="1"/><line number="119" hits="1"/><line number="120" hits="1"/><line number="122" hits="1"/><line number="123" hits="1"/><line number="125" hits="1"/></lines></class><class name="credentials" filename="src/credentials.rs" line-rate="0.625" branch-rate="0" complexity="0"><methods/><lines><line number="10" hits="2"/><line number="14" hits="4"/><line number="15" hits="1"/><line number="18" hits="4"/><line number="19" hits="1"/><line number="24" hits="0"/><line number="25" hits="0"/><line number="26" hits="0"/></lines></class><class name="map" filename="src/map.rs" line-rate="0.9587628865979382" branch-rate="0" complexity="0"><methods/><lines><line number="11" hits="2"/><line number="12" hits="2"/><line number="16" hits="1"/><line number="17" hits="1"/><line number="21" hits="1"/><line number="22" hits="1"/><line number="25" hits="1"/><line number="26" hits="5"/><line number="27" hits="4"/><line number="28" hits="1"/><line number="32" hits="1"/><line number="37" hits="1"/><line number="38" hits="1"/><line number="40" hits="3"/><line number="41" hits="2"/><line number="42" hits="2"/><line number="43" hits="1"/><line number="44" hits="1"/><line number="45" hits="1"/><line number="47" hits="1"/><line number="51" hits="1"/><line number="52" hits="4"/><line number="53" hits="2"/><line number="54" hits="1"/><line number="58" hits="2"/><line number="59" hits="4"/><line number="64" hits="0"/><line number="65" hits="0"/><line number="71" hits="0"/><line number="72" hits="0"/><line number="81" hits="3"/><line number="82" hits="1"/><line number="84" hits="1"/><line number="85" hits="2"/><line number="86" hits="2"/><line number="88" hits="2"/><line number="89" hits="1"/><line number="93" hits="1"/><line number="94" hits="1"/><line number="95" hits="2"/><line number="96" hits="2"/><line number="97" hits="2"/><line number="99" hits="2"/><line number="100" hits="1"/><line number="104" hits="1"/><line number="105" hits="1"/><line number="106" hits="2"/><line number="107" hits="2"/><line number="108" hits="2"/><line number="109" hits="2"/><line number="111" hits="2"/><line number="112" hits="2"/><line number="113" hits="1"/><line number="114" hits="1"/><line number="120" hits="1"/><line number="121" hits="1"/><line number="122" hits="2"/><line number="123" hits="2"/><line number="124" hits="2"/><line number="125" hits="2"/><line number="126" hits="2"/><line number="128" hits="2"/><line number="129" hits="2"/><line number="130" hits="1"/><line number="131" hits="1"/><line number="132" hits="1"/><line number="138" hits="1"/><line number="139" hits="1"/><line number="140" hits="2"/><line number="141" hits="2"/><line number="142" hits="2"/><line number="143" hits="2"/><line number="145" hits="2"/><line number="146" hits="2"/><line number="147" hits="1"/><line number="148" hits="1"/><line number="154" hits="1"/><line number="155" hits="1"/><line number="156" hits="2"/><line number="157" hits="2"/><line number="158" hits="2"/><line number="159" hits="2"/><line number="161" hits="2"/><line number="162" hits="2"/><line number="163" hits="1"/><line number="164" hits="1"/><line number="170" hits="1"/><line number="171" hits="1"/><line number="172" hits="2"/><line number="173" hits="2"/><line number="174" hits="1"/><line number="175" hits="2"/><line number="178" hits="2"/><line number="180" hits="2"/><line number="181" hits="2"/><line number="182" hits="1"/><line number="183" hits="1"/></lines></class><class name="sorting_iter" filename="src/sorting_iter.rs" line-rate="1" branch-rate="0" complexity="0"><methods/><lines><line number="22" hits="14"/><line number="24" hits="15"/><line number="25" hits="15"/><line number="42" hits="12"/><line number="43" hits="34"/><line number="44" hits="39"/><line number="46" hits="62"/><line number="47" hits="25"/><line number="48" hits="12"/><line number="49" hits="6"/><line number="51" hits="1"/><line number="52" hits="2"/><line number="53" hits="1"/><line number="55" hits="36"/><line number="56" hits="11"/><line number="77" hits="3"/><line number="78" hits="1"/><line number="79" hits="1"/><line number="83" hits="3"/><line number="84" hits="1"/><line number="85" hits="1"/><line number="87" hits="1"/><line number="88" hits="1"/><line number="92" hits="3"/><line number="93" hits="1"/><line number="95" hits="1"/><line number="96" hits="1"/></lines></class></classes></package><package name="src/actions/multipart_upload" line-rate="0.7903225806451613" branch-rate="0" complexity="0"><classes><class name="abort" filename="src/actions/multipart_upload/abort.rs" line-rate="0.8076923076923077" branch-rate="0" complexity="0"><methods/><lines><line number="29" hits="1"/><line number="44" hits="1"/><line number="45" hits="1"/><line number="47" hits="1"/><line number="49" hits="0"/><line number="51" hits="1"/><line number="52" hits="1"/><line number="53" hits="1"/><line number="54" hits="1"/><line number="55" hits="1"/><line number="56" hits="1"/><line number="57" hits="1"/><line number="59" hits="0"/><line number="67" hits="0"/><line number="68" hits="0"/><line number="69" hits="0"/><line number="81" hits="3"/><line number="88" hits="1"/><line number="90" hits="1"/><line number="91" hits="1"/><line number="94" hits="1"/><line number="95" hits="1"/><line number="98" hits="1"/><line number="100" hits="1"/><line number="101" hits="1"/><line number="103" hits="1"/></lines></class><class name="complete" filename="src/actions/multipart_upload/complete.rs" line-rate="0.8378378378378378" branch-rate="0" complexity="0"><methods/><lines><line number="29" hits="1"/><line number="51" hits="1"/><line number="52" hits="1"/><line number="54" hits="1"/><line number="56" hits="0"/><line number="58" hits="1"/><line number="59" hits="1"/><line number="60" hits="1"/><line number="61" hits="1"/><line number="62" hits="1"/><line number="63" hits="1"/><line number="64" hits="1"/><line number="66" hits="0"/><line number="70" hits="1"/><line number="90" hits="1"/><line number="91" hits="0"/><line number="93" hits="3"/><line number="94" hits="1"/><line number="98" hits="1"/><line number="100" hits="1"/><line number="110" hits="0"/><line number="111" hits="0"/><line number="112" hits="0"/><line number="124" hits="3"/><line number="131" hits="1"/><line number="133" hits="1"/><line number="134" hits="1"/><line number="137" hits="1"/><line number="138" hits="1"/><line number="141" hits="1"/><line number="144" hits="1"/><line number="147" hits="1"/><line number="150" hits="1"/><line number="151" hits="1"/><line number="153" hits="1"/><line number="155" hits="1"/><line number="156" hits="2"/></lines></class><class name="create" filename="src/actions/multipart_upload/create.rs" line-rate="0.6774193548387096" branch-rate="0" complexity="0"><methods/><lines><line number="40" hits="1"/><line number="48" hits="0"/><line number="49" hits="0"/><line number="50" hits="0"/><line number="53" hits="1"/><line number="54" hits="1"/><line number="56" hits="1"/><line number="58" hits="0"/><line number="60" hits="1"/><line number="61" hits="1"/><line number="62" hits="1"/><line number="63" hits="1"/><line number="64" hits="1"/><line number="65" hits="1"/><line number="66" hits="1"/><line number="68" hits="0"/><line number="74" hits="0"/><line number="75" hits="0"/><line number="82" hits="0"/><line number="83" hits="0"/><line number="84" hits="0"/><line number="96" hits="3"/><line number="103" hits="1"/><line number="105" hits="1"/><line number="106" hits="1"/><line number="109" hits="1"/><line number="110" hits="1"/><line number="113" hits="1"/><line number="115" hits="1"/><line number="116" hits="1"/><line number="118" hits="1"/></lines></class><class name="upload" filename="src/actions/multipart_upload/upload.rs" line-rate="0.8333333333333334" branch-rate="0" complexity="0"><methods/><lines><line number="40" hits="1"/><line number="57" hits="1"/><line number="58" hits="1"/><line number="60" hits="1"/><line number="61" hits="1"/><line number="62" hits="1"/><line number="63" hits="1"/><line number="66" hits="1"/><line number="68" hits="0"/><line number="70" hits="1"/><line number="71" hits="1"/><line number="72" hits="1"/><line number="73" hits="1"/><line number="74" hits="1"/><line number="75" hits="1"/><line number="76" hits="1"/><line number="78" hits="0"/><line number="86" hits="0"/><line number="87" hits="0"/><line number="88" hits="0"/><line number="100" hits="3"/><line number="107" hits="1"/><line number="109" hits="1"/><line number="110" hits="1"/><line number="113" hits="1"/><line number="114" hits="1"/><line number="117" hits="1"/><line number="119" hits="1"/><line number="120" hits="1"/><line number="122" hits="1"/></lines></class></classes></package><package name="examples" line-rate="NaN" branch-rate="0" complexity="0"><classes></classes></package><package name="src/actions" line-rate="0.7817258883248731" branch-rate="0" complexity="0"><classes><class name="get_object" filename="src/actions/get_object.rs" line-rate="0.875" branch-rate="0" complexity="0"><methods/><lines><line number="27" hits="2"/><line number="33" hits="2"/><line number="37" hits="1"/><line number="38" hits="1"/><line number="41" hits="1"/><line number="42" hits="1"/><line number="44" hits="2"/><line number="46" hits="0"/><line number="48" hits="1"/><line number="49" hits="1"/><line number="50" hits="1"/><line number="51" hits="1"/><line number="52" hits="2"/><line number="53" hits="2"/><line number="54" hits="2"/><line number="56" hits="0"/><line number="64" hits="0"/><line number="65" hits="0"/><line number="66" hits="0"/><line number="78" hits="3"/><line number="85" hits="1"/><line number="87" hits="1"/><line number="88" hits="1"/><line number="91" hits="1"/><line number="92" hits="1"/><line number="95" hits="1"/><line number="97" hits="1"/><line number="98" hits="1"/><line number="100" hits="1"/><line number="104" hits="3"/><line number="111" hits="1"/><line number="113" hits="1"/><line number="114" hits="1"/><line number="117" hits="1"/><line number="118" hits="1"/><line number="121" hits="1"/><line number="122" hits="1"/><line number="126" hits="1"/><line number="127" hits="1"/><line number="129" hits="1"/></lines></class><class name="mod" filename="src/actions/mod.rs" line-rate="0" branch-rate="0" complexity="0"><methods/><lines><line number="34" hits="0"/><line number="35" hits="0"/><line number="36" hits="0"/><line number="37" hits="0"/><line number="38" hits="0"/><line number="39" hits="0"/><line number="40" hits="0"/></lines></class><class name="put_object" filename="src/actions/put_object.rs" line-rate="0.8076923076923077" branch-rate="0" complexity="0"><methods/><lines><line number="25" hits="1"/><line number="33" hits="1"/><line number="34" hits="1"/><line number="36" hits="1"/><line number="38" hits="0"/><line number="40" hits="1"/><line number="41" hits="1"/><line number="42" hits="1"/><line number="43" hits="1"/><line number="44" hits="1"/><line number="45" hits="1"/><line number="46" hits="1"/><line number="48" hits="0"/><line number="56" hits="0"/><line number="57" hits="0"/><line number="58" hits="0"/><line number="70" hits="3"/><line number="77" hits="1"/><line number="79" hits="1"/><line number="80" hits="1"/><line number="83" hits="1"/><line number="84" hits="1"/><line number="87" hits="1"/><line number="89" hits="1"/><line number="90" hits="1"/><line number="92" hits="1"/></lines></class></classes></package><package name="src/signing" line-rate="0.974025974025974" branch-rate="0" complexity="0"><classes><class name="canonical_request" filename="src/signing/canonical_request.rs" line-rate="0.9818181818181818" branch-rate="0" complexity="0"><methods/><lines><line number="7" hits="8"/><line number="19" hits="8"/><line number="20" hits="8"/><line number="21" hits="8"/><line number="22" hits="8"/><line number="23" hits="8"/><line number="25" hits="8"/><line number="27" hits="8"/><line number="29" hits="8"/><line number="31" hits="8"/><line number="33" hits="8"/><line number="35" hits="8"/><line number="37" hits="8"/><line number="42" hits="8"/><line number="46" hits="8"/><line number="47" hits="16"/><line number="48" hits="16"/><line number="49" hits="8"/><line number="51" hits="8"/><line number="54" hits="8"/><line number="55" hits="8"/><line number="56" hits="8"/><line number="60" hits="3"/><line number="64" hits="5"/><line number="65" hits="3"/><line number="66" hits="6"/><line number="67" hits="3"/><line number="69" hits="6"/><line number="73" hits="3"/><line number="77" hits="6"/><line number="78" hits="9"/><line number="79" hits="12"/><line number="80" hits="3"/><line number="82" hits="0"/><line number="85" hits="3"/><line number="97" hits="3"/><line number="104" hits="1"/><line number="105" hits="1"/><line number="108" hits="1"/><line number="109" hits="1"/><line number="110" hits="1"/><line number="112" hits="1"/><line number="113" hits="1"/><line number="115" hits="1"/><line number="119" hits="1"/><line number="121" hits="1"/><line number="134" hits="2"/><line number="135" hits="1"/><line number="136" hits="1"/><line number="137" hits="1"/><line number="138" hits="1"/><line number="139" hits="1"/><line number="142" hits="1"/><line number="143" hits="1"/><line number="146" hits="1"/></lines></class><class name="mod" filename="src/signing/mod.rs" line-rate="0.9464285714285714" branch-rate="0" complexity="0"><methods/><lines><line number="14" hits="7"/><line number="30" hits="7"/><line number="32" hits="7"/><line number="36" hits="7"/><line number="37" hits="7"/><line number="39" hits="7"/><line number="40" hits="14"/><line number="41" hits="7"/><line number="42" hits="7"/><line number="44" hits="0"/><line number="45" hits="0"/><line number="47" hits="0"/><line number="56" hits="7"/><line number="57" hits="7"/><line number="60" hits="7"/><line number="61" hits="7"/><line number="64" hits="7"/><line number="65" hits="7"/><line number="68" hits="7"/><line number="69" hits="7"/><line number="72" hits="7"/><line number="73" hits="7"/><line number="75" hits="7"/><line number="76" hits="7"/><line number="77" hits="7"/><line number="78" hits="7"/><line number="79" hits="7"/><line number="80" hits="7"/><line number="83" hits="7"/><line number="86" hits="7"/><line number="87" hits="7"/><line number="89" hits="7"/><line number="95" hits="7"/><line number="96" hits="7"/><line number="97" hits="7"/><line number="100" hits="7"/><line number="102" hits="7"/><line number="106" hits="7"/><line number="107" hits="7"/><line number="108" hits="7"/><line number="109" hits="7"/><line number="111" hits="14"/><line number="112" hits="14"/><line number="113" hits="7"/><line number="126" hits="3"/><line number="133" hits="1"/><line number="134" hits="1"/><line number="137" hits="1"/><line number="138" hits="1"/><line number="139" hits="1"/><line number="140" hits="1"/><line number="142" hits="1"/><line number="147" hits="1"/><line number="152" hits="1"/><line number="153" hits="1"/><line number="156" hits="1"/></lines></class><class name="signature" filename="src/signing/signature.rs" line-rate="1" branch-rate="0" complexity="0"><methods/><lines><line number="7" hits="5"/><line number="13" hits="2"/><line number="15" hits="5"/><line number="17" hits="2"/><line number="18" hits="5"/><line number="20" hits="2"/><line number="21" hits="5"/><line number="22" hits="2"/><line number="24" hits="5"/><line number="25" hits="2"/><line number="26" hits="5"/><line number="28" hits="2"/><line number="30" hits="5"/><line number="31" hits="2"/><line number="33" hits="5"/><line number="34" hits="2"/><line number="35" hits="5"/><line number="46" hits="3"/><line number="54" hits="1"/><line number="55" hits="1"/><line number="57" hits="1"/><line number="59" hits="1"/><line number="61" hits="1"/><line number="64" hits="1"/></lines></class><class name="string_to_sign" filename="src/signing/string_to_sign.rs" line-rate="1" branch-rate="0" complexity="0"><methods/><lines><line number="4" hits="2"/><line number="5" hits="5"/><line number="6" hits="2"/><line number="7" hits="5"/><line number="8" hits="2"/><line number="9" hits="5"/><line number="10" hits="2"/><line number="11" hits="5"/><line number="13" hits="2"/><line number="24" hits="3"/><line number="32" hits="1"/><line number="34" hits="1"/><line number="41" hits="1"/><line number="43" hits="1"/><line number="46" hits="1"/></lines></class><class name="util" filename="src/signing/util.rs" line-rate="1" branch-rate="0" complexity="0"><methods/><lines><line number="38" hits="2"/><line number="39" hits="1"/><line number="42" hits="5"/><line number="43" hits="5"/></lines></class></classes></package></packages></coverage>